[deborahugochukwu.com/automate-your-income-webinar/index.html]
[backblue.gif]
[fade.gif]
[index.html]
[deborahugochukwu.com/wp-includes/js/jquery/jquery.min9d52.js]
[deborahugochukwu.com/wp-includes/js/jquery/jquery-migrate.mind617.js]
[connect.facebook.net/en_US/fbevents.js]
[deborahugochukwu.com/wp-content/uploads/tcb_lp_templates/templates/css/images/foundation_pattern.jpg]
[deborahugochukwu.com/wp-content/uploads/2023/04/my-printing-money-on-autopilot-pics.jpg]
[deborahugochukwu.com/wp-content/uploads/2021/03/My_logo-removebg-preview.png]
[deborahugochukwu.com/wp-content/uploads/2023/04/Diamond-shang.jpg]
[deborahugochukwu.com/wp-content/uploads/2023/04/bodytrimng-800k-testimonial.jpg]
[deborahugochukwu.com/wp-content/uploads/2023/03/Picture2.png]
[deborahugochukwu.com/wp-content/uploads/2023/03/Picture4.jpg]
[deborahugochukwu.com/wp-content/uploads/2023/04/Lydia-Charles-printing-cash-testimonial.jpg]
[deborahugochukwu.com/wp-content/themes/themify-ultra/themify/js/main4189.js]
[deborahugochukwu.com/wp-includes/js/imagesloaded.mineda1.js]
[deborahugochukwu.com/wp-includes/js/masonry.min3a05.js]
[deborahugochukwu.com/wp-includes/js/jquery/jquery.masonry.minef70.js]
[deborahugochukwu.com/wp-content/plugins/thrive-visual-editor/editor/js/dist/frontend.min9776.js]
[deborahugochukwu.com/wp-content/plugins/woocommerce/assets/js/jquery-blockui/jquery.blockUI.min44fd.js]
[deborahugochukwu.com/wp-content/plugins/woocommerce/assets/js/frontend/add-to-cart.mineda1.js]
[deborahugochukwu.com/wp-content/plugins/woocommerce/assets/js/js-cookie/js.cookie.min6b25.js]
[deborahugochukwu.com/wp-content/plugins/woocommerce/assets/js/frontend/woocommerce.mineda1.js]
[deborahugochukwu.com/wp-content/plugins/woocommerce/assets/js/frontend/cart-fragments.mineda1.js]
[deborahugochukwu.com/wp-content/plugins/notificationx/public/assets/js/Cookies8162.js]
[deborahugochukwu.com/wp-content/plugins/notificationx/public/assets/js/notificationx-public.min8162.js]
[deborahugochukwu.com/wp-content/plugins/thrive-visual-editor/thrive-dashboard/js/dist/frontend.min8c0f.js]
[deborahugochukwu.com/wp-content/plugins/wp-pagebuilder/assets/js/maind988.js]
[deborahugochukwu.com/wp-content/plugins/wp-pagebuilder/addons/posts/assets/js/posts-addond988.js]
[deborahugochukwu.com/wp-content/themes/themify-ultra/themify/js/themify.sidemenudbc2.js]
[deborahugochukwu.com/wp-content/themes/themify-ultra/js/themify.scriptdbc2.js]
[deborahugochukwu.com/wp-includes/js/comment-reply.mind988.js]
[deborahugochukwu.com/wp-includes/js/wp-embed.mind988.js]
[deborahugochukwu.com/automate-your-income-webinar/index.html]
[deborahugochukwu.com/wp-content/plugins/thrive-visual-editor/landing-page/templates/css/base9776.css]
[deborahugochukwu.com/wp-content/plugins/wp-pagebuilder/assets/css/images/ui-icons_444444_256x240.png]
[deborahugochukwu.com/wp-content/plugins/wp-pagebuilder/assets/css/images/ui-icons_555555_256x240.37.delayed]
[deborahugochukwu.com/wp-content/plugins/wp-pagebuilder/assets/css/images/ui-icons_ffffff_256x240.png]
[deborahugochukwu.com/wp-content/plugins/wp-pagebuilder/assets/css/images/ui-icons_777620_256x240.39.delayed]
[deborahugochukwu.com/wp-content/plugins/wp-pagebuilder/assets/css/images/ui-icons_cc0000_256x240.3a.delayed]
[deborahugochukwu.com/wp-content/plugins/wp-pagebuilder/assets/css/images/ui-icons_777777_256x240.3b.delayed]
[deborahugochukwu.com/wp-content/plugins/wp-pagebuilder/assets/css/jquery-ui35d0.css]
[deborahugochukwu.com/wp-content/plugins/wp-pagebuilder/assets/css/animate.mindc98.css]
[deborahugochukwu.com/wp-content/plugins/wp-pagebuilder/assets/css/font-awesome-5.mindc98.css]
[deborahugochukwu.com/wp-content/plugins/wp-pagebuilder/assets/css/wppb-fontsdc98.css]
[deborahugochukwu.com/wp-content/plugins/wp-pagebuilder/assets/css/wppb-addonsdc98.css]
[deborahugochukwu.com/wp-content/plugins/wp-pagebuilder/assets/css/wppb-maindc98.css]
[deborahugochukwu.com/wp-includes/css/dist/block-library/style.mind988.css]
[deborahugochukwu.com/wp-content/plugins/woocommerce/packages/woocommerce-blocks/build/style60a8.css]
[deborahugochukwu.com/wp-content/plugins/thrive-visual-editor/editor/css/fonts/thrvicomoon/icomoonf2e9.eot]
[deborahugochukwu.com/wp-content/plugins/thrive-visual-editor/editor/css/fonts/thrvicomoon/icomoond41d.eot]
[deborahugochukwu.com/wp-content/plugins/thrive-visual-editor/editor/css/fonts/thrvicomoon/icomoonf2e9.ttf]
[deborahugochukwu.com/wp-content/plugins/thrive-visual-editor/editor/css/fonts/thrvicomoon/icomoonf2e9.woff]
[deborahugochukwu.com/wp-content/plugins/thrive-visual-editor/editor/css/images/loader_transparent.gif]
[deborahugochukwu.com/wp-content/plugins/thrive-visual-editor/editor/css/images/cc_amex.png]
[deborahugochukwu.com/wp-content/plugins/thrive-visual-editor/editor/css/images/cc_discover.png]
[deborahugochukwu.com/wp-content/plugins/thrive-visual-editor/editor/css/images/cc_mc.png]
[deborahugochukwu.com/wp-content/plugins/thrive-visual-editor/editor/css/images/cc_paypal.png]
[deborahugochukwu.com/wp-content/plugins/thrive-visual-editor/editor/css/images/cc_visa.png]
[deborahugochukwu.com/wp-content/plugins/thrive-visual-editor/editor/css/images/stars.png]
[deborahugochukwu.com/wp-content/plugins/thrive-visual-editor/editor/css/images/video_frame_3.png]
[deborahugochukwu.com/wp-content/plugins/thrive-visual-editor/editor/css/images/video_frame_4.png]
[deborahugochukwu.com/wp-content/plugins/thrive-visual-editor/editor/css/images/video_frame_6.png]
[deborahugochukwu.com/wp-content/plugins/thrive-visual-editor/editor/css/images/rv_style_grey_monitor_full.png]
[deborahugochukwu.com/wp-content/plugins/thrive-visual-editor/editor/css/images/rv_style_black_monitor_full.png]
[deborahugochukwu.com/wp-content/plugins/thrive-visual-editor/editor/css/images/rv_style_black_tablet_full.png]
[deborahugochukwu.com/wp-content/plugins/thrive-visual-editor/editor/css/images/rv_style_white_tablet_full.png]
[deborahugochukwu.com/wp-content/plugins/thrive-visual-editor/editor/css/images/tve_lock.png]
[deborahugochukwu.com/wp-content/plugins/thrive-visual-editor/editor/css/images/thrive-tar.png]
[deborahugochukwu.com/wp-content/plugins/thrive-visual-editor/editor/css/images/btn_black.png]
[deborahugochukwu.com/wp-content/plugins/thrive-visual-editor/editor/css/images/btn_blue.png]
[deborahugochukwu.com/wp-content/plugins/thrive-visual-editor/editor/css/images/btn_green.png]
[deborahugochukwu.com/wp-content/plugins/thrive-visual-editor/editor/css/images/btn_orange.png]
[deborahugochukwu.com/wp-content/plugins/thrive-visual-editor/editor/css/images/btn_purple.png]
[deborahugochukwu.com/wp-content/plugins/thrive-visual-editor/editor/css/images/btn_red.png]
[deborahugochukwu.com/wp-content/plugins/thrive-visual-editor/editor/css/images/btn_teal.png]
[deborahugochukwu.com/wp-content/plugins/thrive-visual-editor/editor/css/images/btn_white.png]
[deborahugochukwu.com/wp-content/plugins/thrive-visual-editor/editor/css/images/btn_small_black.png]
[deborahugochukwu.com/wp-content/plugins/thrive-visual-editor/editor/css/images/btn_small_blue.png]
[deborahugochukwu.com/wp-content/plugins/thrive-visual-editor/editor/css/images/btn_small_green.png]
[deborahugochukwu.com/wp-content/plugins/thrive-visual-editor/editor/css/images/btn_small_orange.png]
[deborahugochukwu.com/wp-content/plugins/thrive-visual-editor/editor/css/images/btn_small_purple.png]
[deborahugochukwu.com/wp-content/plugins/thrive-visual-editor/editor/css/images/btn_small_red.png]
[deborahugochukwu.com/wp-content/plugins/thrive-visual-editor/editor/css/images/btn_small_teal.png]
[deborahugochukwu.com/wp-content/plugins/thrive-visual-editor/editor/css/images/btn_small_white.png]
[deborahugochukwu.com/wp-content/plugins/thrive-visual-editor/editor/css/images/btn_big_black.png]
[deborahugochukwu.com/wp-content/plugins/thrive-visual-editor/editor/css/images/btn_big_blue.png]
[deborahugochukwu.com/wp-content/plugins/thrive-visual-editor/editor/css/images/btn_big_green.png]
[deborahugochukwu.com/wp-content/plugins/thrive-visual-editor/editor/css/images/btn_big_orange.png]
[deborahugochukwu.com/wp-content/plugins/thrive-visual-editor/editor/css/images/btn_big_purple.png]
[deborahugochukwu.com/wp-content/plugins/thrive-visual-editor/editor/css/images/btn_big_red.png]
[deborahugochukwu.com/wp-content/plugins/thrive-visual-editor/editor/css/images/btn_big_teal.png]
[deborahugochukwu.com/wp-content/plugins/thrive-visual-editor/editor/css/images/btn_big_white.png]
[deborahugochukwu.com/wp-content/plugins/thrive-visual-editor/editor/css/images/btn_huge_black.png]
[deborahugochukwu.com/wp-content/plugins/thrive-visual-editor/editor/css/images/btn_huge_blue.png]
[deborahugochukwu.com/wp-content/plugins/thrive-visual-editor/editor/css/images/btn_huge_green.png]
[deborahugochukwu.com/wp-content/plugins/thrive-visual-editor/editor/css/images/btn_huge_orange.png]
[deborahugochukwu.com/wp-content/plugins/thrive-visual-editor/editor/css/images/btn_huge_purple.png]
[deborahugochukwu.com/wp-content/plugins/thrive-visual-editor/editor/css/images/btn_huge_red.png]
[deborahugochukwu.com/wp-content/plugins/thrive-visual-editor/editor/css/images/btn_huge_teal.png]
[deborahugochukwu.com/wp-content/plugins/thrive-visual-editor/editor/css/images/btn_huge_white.png]
[deborahugochukwu.com/wp-content/plugins/thrive-visual-editor/editor/css/images/black_s1_f.png]
[deborahugochukwu.com/wp-content/plugins/thrive-visual-editor/editor/css/images/black_s3_f.png]
[deborahugochukwu.com/wp-content/plugins/thrive-visual-editor/editor/css/images/blue_s1_f.png]
[deborahugochukwu.com/wp-content/plugins/thrive-visual-editor/editor/css/images/blue_s3_f.png]
[deborahugochukwu.com/wp-content/plugins/thrive-visual-editor/editor/css/images/green_s1_f.png]
[deborahugochukwu.com/wp-content/plugins/thrive-visual-editor/editor/css/images/green_s3_f.png]
[deborahugochukwu.com/wp-content/plugins/thrive-visual-editor/editor/css/images/orange_s1_f.png]
[deborahugochukwu.com/wp-content/plugins/thrive-visual-editor/editor/css/images/orange_s3_f.png]
[deborahugochukwu.com/wp-content/plugins/thrive-visual-editor/editor/css/images/purple_s1_f.png]
[deborahugochukwu.com/wp-content/plugins/thrive-visual-editor/editor/css/images/purple_s3_f.png]
[deborahugochukwu.com/wp-content/plugins/thrive-visual-editor/editor/css/images/red_s1_f.png]
[deborahugochukwu.com/wp-content/plugins/thrive-visual-editor/editor/css/images/red_s3_f.png]
[deborahugochukwu.com/wp-content/plugins/thrive-visual-editor/editor/css/images/teal_s1_f.png]
[deborahugochukwu.com/wp-content/plugins/thrive-visual-editor/editor/css/images/teal_s3_f.png]
[deborahugochukwu.com/wp-content/plugins/thrive-visual-editor/editor/css/images/white_s1_f.png]
[deborahugochukwu.com/wp-content/plugins/thrive-visual-editor/editor/css/images/white_s3_f.png]
[deborahugochukwu.com/wp-content/plugins/thrive-visual-editor/editor/css/images/cta_arrows.png]
[deborahugochukwu.com/wp-content/plugins/thrive-visual-editor/editor/css/images/cta_arrow_black.png]
[deborahugochukwu.com/wp-content/plugins/thrive-visual-editor/editor/css/images/cta_arrow_blue.png]
[deborahugochukwu.com/wp-content/plugins/thrive-visual-editor/editor/css/images/cta_arrow_green.png]
[deborahugochukwu.com/wp-content/plugins/thrive-visual-editor/editor/css/images/cta_arrow_orange.png]
[deborahugochukwu.com/wp-content/plugins/thrive-visual-editor/editor/css/images/cta_arrow_purple.png]
[deborahugochukwu.com/wp-content/plugins/thrive-visual-editor/editor/css/images/cta_arrow_red.png]
[deborahugochukwu.com/wp-content/plugins/thrive-visual-editor/editor/css/images/cta_arrow_teal.png]
[deborahugochukwu.com/wp-content/plugins/thrive-visual-editor/editor/css/images/cta_arrow_white.png]
[deborahugochukwu.com/wp-content/plugins/thrive-visual-editor/editor/css/images/qc_black.png]
[deborahugochukwu.com/wp-content/plugins/thrive-visual-editor/editor/css/images/qc_r_black.png]
[deborahugochukwu.com/wp-content/plugins/thrive-visual-editor/editor/css/images/q_r_black.png]
[deborahugochukwu.com/wp-content/plugins/thrive-visual-editor/editor/css/images/q_l_black.png]
[deborahugochukwu.com/wp-content/plugins/thrive-visual-editor/editor/css/images/qc_blue.png]
[deborahugochukwu.com/wp-content/plugins/thrive-visual-editor/editor/css/images/qc_r_blue.png]
[deborahugochukwu.com/wp-content/plugins/thrive-visual-editor/editor/css/images/q_r_blue.png]
[deborahugochukwu.com/wp-content/plugins/thrive-visual-editor/editor/css/images/q_l_blue.png]
[deborahugochukwu.com/wp-content/plugins/thrive-visual-editor/editor/css/images/qc_green.png]
[deborahugochukwu.com/wp-content/plugins/thrive-visual-editor/editor/css/images/qc_r_green.png]
[deborahugochukwu.com/wp-content/plugins/thrive-visual-editor/editor/css/images/q_r_green.png]
[deborahugochukwu.com/wp-content/plugins/thrive-visual-editor/editor/css/images/q_l_green.png]
[deborahugochukwu.com/wp-content/plugins/thrive-visual-editor/editor/css/images/qc_orange.png]
[deborahugochukwu.com/wp-content/plugins/thrive-visual-editor/editor/css/images/qc_r_orange.png]
[deborahugochukwu.com/wp-content/plugins/thrive-visual-editor/editor/css/images/q_r_orange.png]
[deborahugochukwu.com/wp-content/plugins/thrive-visual-editor/editor/css/images/q_l_orange.png]
[deborahugochukwu.com/wp-content/plugins/thrive-visual-editor/editor/css/images/qc_purple.png]
[deborahugochukwu.com/wp-content/plugins/thrive-visual-editor/editor/css/images/qc_r_purple.png]
[deborahugochukwu.com/wp-content/plugins/thrive-visual-editor/editor/css/images/q_r_purple.png]
[deborahugochukwu.com/wp-content/plugins/thrive-visual-editor/editor/css/images/q_l_purple.png]
[deborahugochukwu.com/wp-content/plugins/thrive-visual-editor/editor/css/images/qc_red.png]
[deborahugochukwu.com/wp-content/plugins/thrive-visual-editor/editor/css/images/qc_r_red.png]
[deborahugochukwu.com/wp-content/plugins/thrive-visual-editor/editor/css/images/q_r_red.png]
[deborahugochukwu.com/wp-content/plugins/thrive-visual-editor/editor/css/images/q_l_red.png]
[deborahugochukwu.com/wp-content/plugins/thrive-visual-editor/editor/css/images/qc_teal.png]
[deborahugochukwu.com/wp-content/plugins/thrive-visual-editor/editor/css/images/qc_r_teal.png]
[deborahugochukwu.com/wp-content/plugins/thrive-visual-editor/editor/css/images/q_r_teal.png]
[deborahugochukwu.com/wp-content/plugins/thrive-visual-editor/editor/css/images/q_l_teal.png]
[deborahugochukwu.com/wp-content/plugins/thrive-visual-editor/editor/css/images/qc_white.png]
[deborahugochukwu.com/wp-content/plugins/thrive-visual-editor/editor/css/images/qc_r_white.png]
[deborahugochukwu.com/wp-content/plugins/thrive-visual-editor/editor/css/images/q_r_white.png]
[deborahugochukwu.com/wp-content/plugins/thrive-visual-editor/editor/css/images/q_l_white.png]
[deborahugochukwu.com/wp-content/plugins/thrive-visual-editor/editor/css/images/ul1_f_black.png]
[deborahugochukwu.com/wp-content/plugins/thrive-visual-editor/editor/css/images/ul2_f_black.png]
[deborahugochukwu.com/wp-content/plugins/thrive-visual-editor/editor/css/images/ul3_f_black.png]
[deborahugochukwu.com/wp-content/plugins/thrive-visual-editor/editor/css/images/ul4_f_black.png]
[deborahugochukwu.com/wp-content/plugins/thrive-visual-editor/editor/css/images/ul5_f_black.png]
[deborahugochukwu.com/wp-content/plugins/thrive-visual-editor/editor/css/images/ul6_f_black.png]
[deborahugochukwu.com/wp-content/plugins/thrive-visual-editor/editor/css/images/ul7_f_black.png]
[deborahugochukwu.com/wp-content/plugins/thrive-visual-editor/editor/css/images/ul1_f_blue.png]
[deborahugochukwu.com/wp-content/plugins/thrive-visual-editor/editor/css/images/ul2_f_blue.png]
[deborahugochukwu.com/wp-content/plugins/thrive-visual-editor/editor/css/images/ul3_f_blue.png]
[deborahugochukwu.com/wp-content/plugins/thrive-visual-editor/editor/css/images/ul4_f_blue.png]
[deborahugochukwu.com/wp-content/plugins/thrive-visual-editor/editor/css/images/ul5_f_blue.png]
[deborahugochukwu.com/wp-content/plugins/thrive-visual-editor/editor/css/images/ul6_f_blue.png]
[deborahugochukwu.com/wp-content/plugins/thrive-visual-editor/editor/css/images/ul7_f_blue.png]
[deborahugochukwu.com/wp-content/plugins/thrive-visual-editor/editor/css/images/ul1_f_green.png]
[deborahugochukwu.com/wp-content/plugins/thrive-visual-editor/editor/css/images/ul2_f_green.png]
[deborahugochukwu.com/wp-content/plugins/thrive-visual-editor/editor/css/images/ul3_f_green.png]
[deborahugochukwu.com/wp-content/plugins/thrive-visual-editor/editor/css/images/ul4_f_green.png]
[deborahugochukwu.com/wp-content/plugins/thrive-visual-editor/editor/css/images/ul5_f_green.png]
[deborahugochukwu.com/wp-content/plugins/thrive-visual-editor/editor/css/images/ul6_f_green.png]
[deborahugochukwu.com/wp-content/plugins/thrive-visual-editor/editor/css/images/ul7_f_green.png]
[deborahugochukwu.com/wp-content/plugins/thrive-visual-editor/editor/css/images/ul1_f_orange.png]
[deborahugochukwu.com/wp-content/plugins/thrive-visual-editor/editor/css/images/ul2_f_orange.png]
[deborahugochukwu.com/wp-content/plugins/thrive-visual-editor/editor/css/images/ul3_f_orange.png]
[deborahugochukwu.com/wp-content/plugins/thrive-visual-editor/editor/css/images/ul4_f_orange.png]
[deborahugochukwu.com/wp-content/plugins/thrive-visual-editor/editor/css/images/ul5_f_orange.png]
[deborahugochukwu.com/wp-content/plugins/thrive-visual-editor/editor/css/images/ul6_f_orange.png]
[deborahugochukwu.com/wp-content/plugins/thrive-visual-editor/editor/css/images/ul7_f_orange.png]
[deborahugochukwu.com/wp-content/plugins/thrive-visual-editor/editor/css/images/ul1_f_purple.png]
[deborahugochukwu.com/wp-content/plugins/thrive-visual-editor/editor/css/images/ul2_f_purple.png]
[deborahugochukwu.com/wp-content/plugins/thrive-visual-editor/editor/css/images/ul3_f_purple.png]
[deborahugochukwu.com/wp-content/plugins/thrive-visual-editor/editor/css/images/ul4_f_purple.png]
[deborahugochukwu.com/wp-content/plugins/thrive-visual-editor/editor/css/images/ul5_f_purple.png]
[deborahugochukwu.com/wp-content/plugins/thrive-visual-editor/editor/css/images/ul6_f_purple.png]
[deborahugochukwu.com/wp-content/plugins/thrive-visual-editor/editor/css/images/ul7_f_purple.png]
[deborahugochukwu.com/wp-content/plugins/thrive-visual-editor/editor/css/images/ul1_f_red.png]
[deborahugochukwu.com/wp-content/plugins/thrive-visual-editor/editor/css/images/ul2_f_red.png]
[deborahugochukwu.com/wp-content/plugins/thrive-visual-editor/editor/css/images/ul3_f_red.png]
[deborahugochukwu.com/wp-content/plugins/thrive-visual-editor/editor/css/images/ul4_f_red.png]
[deborahugochukwu.com/wp-content/plugins/thrive-visual-editor/editor/css/images/ul5_f_red.png]
[deborahugochukwu.com/wp-content/plugins/thrive-visual-editor/editor/css/images/ul6_f_red.png]
[deborahugochukwu.com/wp-content/plugins/thrive-visual-editor/editor/css/images/ul7_f_red.png]
[deborahugochukwu.com/wp-content/plugins/thrive-visual-editor/editor/css/images/ul1_f_teal.png]
[deborahugochukwu.com/wp-content/plugins/thrive-visual-editor/editor/css/images/ul2_f_teal.png]
[deborahugochukwu.com/wp-content/plugins/thrive-visual-editor/editor/css/images/ul3_f_teal.png]
[deborahugochukwu.com/wp-content/plugins/thrive-visual-editor/editor/css/images/ul4_f_teal.png]
[deborahugochukwu.com/wp-content/plugins/thrive-visual-editor/editor/css/images/ul5_f_teal.png]
[deborahugochukwu.com/wp-content/plugins/thrive-visual-editor/editor/css/images/ul6_f_teal.png]
[deborahugochukwu.com/wp-content/plugins/thrive-visual-editor/editor/css/images/ul7_f_teal.png]
[deborahugochukwu.com/wp-content/plugins/thrive-visual-editor/editor/css/images/ul1_f_white.png]
[deborahugochukwu.com/wp-content/plugins/thrive-visual-editor/editor/css/images/ul2_f_white.png]
[deborahugochukwu.com/wp-content/plugins/thrive-visual-editor/editor/css/images/ul3_f_white.png]
[deborahugochukwu.com/wp-content/plugins/thrive-visual-editor/editor/css/images/ul4_f_white.png]
[deborahugochukwu.com/wp-content/plugins/thrive-visual-editor/editor/css/images/ul5_f_white.png]
[deborahugochukwu.com/wp-content/plugins/thrive-visual-editor/editor/css/images/ul6_f_white.png]
[deborahugochukwu.com/wp-content/plugins/thrive-visual-editor/editor/css/images/ul7_f_white.png]
[deborahugochukwu.com/wp-content/plugins/thrive-visual-editor/editor/css/images/flat_sep2.png]
[deborahugochukwu.com/wp-content/plugins/thrive-visual-editor/editor/css/images/flat_sep3.png]
[deborahugochukwu.com/wp-content/plugins/thrive-visual-editor/editor/css/images/flat_sep4.png]
[deborahugochukwu.com/wp-content/plugins/thrive-visual-editor/editor/css/images/toggle_closed.png]
[deborahugochukwu.com/wp-content/plugins/thrive-visual-editor/editor/css/images/tw.png]
[deborahugochukwu.com/wp-content/plugins/thrive-visual-editor/editor/css/thrive_flat9776.css]
[deborahugochukwu.com/wp-content/plugins/thrive-visual-editor/editor/css/no-theme9776.css]
[deborahugochukwu.com/wp-content/plugins/woocommerce/assets/css/woocommerce-layouteda1.css]
[deborahugochukwu.com/wp-content/plugins/woocommerce/assets/css/woocommerce-smallscreeneda1.css]
[deborahugochukwu.com/wp-content/plugins/woocommerce/assets/css/woocommerceeda1.css]
[deborahugochukwu.com/wp-content/plugins/notificationx/public/assets/img/nx-quote-icon.png]
[deborahugochukwu.com/wp-content/plugins/notificationx/public/assets/img/nx-quote-bg.png]
[deborahugochukwu.com/wp-content/plugins/notificationx/public/assets/css/notificationx-public.min8162.css]
[deborahugochukwu.com/wp-content/plugins/wp-pagebuilder/addons/posts/assets/css/posts-addond988.css]
[deborahugochukwu.com/automate-your-income-webinar/POST]
[connect.facebook.net/en_US/fbevents.js]
[deborahugochukwu.com/wp-content/plugins/wp-pagebuilder/assets/css/images/ui-icons_444444_256x240.html]
[deborahugochukwu.com/wp-content/plugins/wp-pagebuilder/assets/css/images/ui-icons_555555_256x240.html]
[deborahugochukwu.com/wp-content/plugins/wp-pagebuilder/assets/css/images/ui-icons_ffffff_256x240.html]
[deborahugochukwu.com/wp-content/plugins/wp-pagebuilder/assets/css/images/ui-icons_777620_256x240.html]
[deborahugochukwu.com/wp-content/plugins/wp-pagebuilder/assets/css/images/ui-icons_cc0000_256x240.html]
[deborahugochukwu.com/wp-content/plugins/wp-pagebuilder/assets/css/images/ui-icons_777777_256x240.html]
[deborahugochukwu.com/wp-content/plugins/thrive-visual-editor/editor/css/fonts/thrvicomoon/icomoonf2e9.svg]
[deborahugochukwu.com/automate-your-income-webinar/POST.html]
